<?xml version="1.0" encoding="UTF-8"?>
<!-- Generated by org.testng.reporters.JUnitXMLReporter -->
<testsuite hostname="DESKTOP-B2220QC" ignored="0" name="Test" tests="7" failures="0" timestamp="2021-11-22T07:30:32 IST" time="0.238" errors="0">
  <testcase name="testA" time="0.018" classname="testClasses.TestClass2"/>
  <testcase name="testB" time="0.004" classname="testClasses.TestClass2"/>
  <testcase name="testC" time="0.019" classname="testClasses.TestClass2"/>
  <testcase name="testD" time="0.007" classname="testClasses.TestClass2"/>
  <testcase name="testB" time="0.002" classname="testClasses.TestClass1"/>
  <testcase name="testC" time="0.01" classname="testClasses.TestClass1"/>
  <testcase name="testD" time="0.004" classname="testClasses.TestClass1"/>
</testsuite> <!-- Test -->
