<?xml version="1.0" encoding="UTF-8"?>
<!-- Generated by org.testng.reporters.JUnitXMLReporter -->
<testsuite hostname="DESKTOP-B2220QC" ignored="0" name="fireFox" tests="2" failures="2" timestamp="2021-11-24T08:13:31 IST" time="37.318" errors="0">
  <testcase name="verifyReportButton" time="1.699" classname="testClasses.ToVerifyHomePageHeader">
    <failure type="java.lang.AssertionError" message="The following asserts failed:
	expected [http://desktop-b2220qc/user/sub] but found [http://desktop-b2220qc/user/submit_tt.do]">
      <![CDATA[java.lang.AssertionError: The following asserts failed:
expected [http://desktop-b2220qc/user/sub] but found [http://desktop-b2220qc/user/submit_tt.do]
at testClasses.ToVerifyHomePageHeader.verifyReportButton(ToVerifyHomePageHeader.java:78)
at java.util.ArrayList.forEach(Unknown Source)
at java.util.concurrent.FutureTask.run(Unknown Source)
at java.util.concurrent.ThreadPoolExecutor.runWorker(Unknown Source)
at java.util.concurrent.ThreadPoolExecutor$Worker.run(Unknown Source)
at java.lang.Thread.run(Unknown Source)
... Removed 20 stack frames]]>
    </failure>
  </testcase> <!-- verifyReportButton -->
  <testcase name="verifyTaskButton" time="1.317" classname="testClasses.ToVerifyHomePageHeader">
    <failure type="java.lang.AssertionError" message="The following asserts failed:
	expected [http://desktop-b2220qc/user/sub] but found [http://desktop-b2220qc/user/submit_tt.do],
	expected [http://desktop-b2220qc/tasks/] but found [http://desktop-b2220qc/tasks/otasklist.do]">
      <![CDATA[java.lang.AssertionError: The following asserts failed:
expected [http://desktop-b2220qc/user/sub] but found [http://desktop-b2220qc/user/submit_tt.do],
expected [http://desktop-b2220qc/tasks/] but found [http://desktop-b2220qc/tasks/otasklist.do]
at testClasses.ToVerifyHomePageHeader.verifyTaskButton(ToVerifyHomePageHeader.java:95)
at java.util.ArrayList.forEach(Unknown Source)
at java.util.concurrent.FutureTask.run(Unknown Source)
at java.util.concurrent.ThreadPoolExecutor.runWorker(Unknown Source)
at java.util.concurrent.ThreadPoolExecutor$Worker.run(Unknown Source)
at java.lang.Thread.run(Unknown Source)
... Removed 20 stack frames]]>
    </failure>
  </testcase> <!-- verifyTaskButton -->
</testsuite> <!-- fireFox -->
