<?xml version="1.0" encoding="UTF-8"?>
<!-- Generated by org.testng.reporters.JUnitXMLReporter -->
<testsuite hostname="DESKTOP-B2220QC" ignored="0" name="Test" tests="7" failures="0" timestamp="2021-11-23T07:58:05 IST" time="0.147" errors="0">
  <testcase name="testB" time="0.016" classname="testClasses.TestClass1"/>
  <testcase name="testA" time="0.018" classname="testClasses.TestClass2"/>
  <testcase name="testB" time="0.004" classname="testClasses.TestClass2"/>
  <testcase name="testC" time="0.011" classname="testClasses.TestClass1"/>
  <testcase name="testC" time="0.002" classname="testClasses.TestClass2"/>
  <testcase name="testD" time="0.005" classname="testClasses.TestClass1"/>
  <testcase name="testD" time="0.006" classname="testClasses.TestClass2"/>
</testsuite> <!-- Test -->
