<?xml version="1.0" encoding="UTF-8"?>
<!-- Generated by org.testng.reporters.JUnitXMLReporter -->
<testsuite hostname="DESKTOP-B2220QC" ignored="0" name="Test23456" tests="7" failures="0" timestamp="2021-11-22T07:52:39 IST" time="0.184" errors="0">
  <testcase name="testA" time="0.011" classname="testClasses.TestClass2"/>
  <testcase name="testB" time="0.006" classname="testClasses.TestClass2"/>
  <testcase name="testC" time="0.027" classname="testClasses.TestClass2"/>
  <testcase name="testD" time="0.003" classname="testClasses.TestClass2"/>
  <testcase name="testB" time="0.006" classname="testClasses.TestClass1"/>
  <testcase name="testC" time="0.011" classname="testClasses.TestClass1"/>
  <testcase name="testD" time="0.002" classname="testClasses.TestClass1"/>
</testsuite> <!-- Test23456 -->
