<?xml version="1.0" encoding="UTF-8"?>
<!-- Generated by org.testng.reporters.JUnitXMLReporter -->
<testsuite hostname="DESKTOP-B2220QC" ignored="2" name="Test12324" tests="2" failures="0" timestamp="2021-11-22T07:57:16 IST" time="0.129" errors="0">
  <testcase name="testB" time="0.011" classname="testClasses.TestClass2"/>
  <testcase name="testC" time="0.017" classname="testClasses.TestClass2"/>
  <testcase name="testD" time="0.0" classname="testClasses.TestClass2">
    <ignored/>
  </testcase> <!-- testD -->
  <testcase name="testA" time="0.0" classname="testClasses.TestClass2">
    <ignored/>
  </testcase> <!-- testA -->
</testsuite> <!-- Test12324 -->
